2025-10-14 13:57:43,456 - HackBountyAgent - INFO - Configuration loaded successfully.
2025-10-14 13:58:24,828 - HackBountyAgent - INFO - Configuration loaded successfully.
2025-10-14 13:58:46,765 - HackBountyAgent - INFO - Configuration loaded successfully.
2025-10-14 14:09:48,157 - HackBountyAgent - INFO - Configuration loaded successfully.
2025-10-14 14:10:55,534 - HackBountyAgent - INFO - Configuration loaded successfully.
2025-10-14 14:11:00,807 - HackBountyAgent - INFO - Initializing HackBounty AI Agent...
2025-10-14 14:11:00,807 - HackBountyAgent.Matcher - INFO - Loading SBERT model: all-MiniLM-L6-v2...
2025-10-14 14:11:00,807 - sentence_transformers.SentenceTransformer - INFO - Use pytorch device_name: cpu
2025-10-14 14:11:00,807 - sentence_transformers.SentenceTransformer - INFO - Load pretrained SentenceTransformer: all-MiniLM-L6-v2
2025-10-14 14:11:04,331 - HackBountyAgent.Matcher - INFO - SBERT model loaded successfully.
2025-10-14 14:11:04,333 - HackBountyAgent.Calendar - WARNING - No valid token found. Starting OAuth flow.
2025-10-14 14:11:04,333 - HackBountyAgent.Calendar - ERROR - FATAL: 'credentials.json' not found. Cannot authenticate Google Calendar.
2025-10-14 14:11:04,333 - HackBountyAgent - ERROR - Agent terminated: Google Calendar service failed to initialize (check 'credentials.json').
2025-10-14 14:38:50,629 - HackBountyAgent - INFO - Configuration loaded successfully.
2025-10-14 14:39:39,728 - HackBountyAgent - INFO - Initializing HackBounty AI Agent...
2025-10-14 14:39:39,728 - HackBountyAgent.Matcher - INFO - Loading SBERT model: all-MiniLM-L6-v2...
2025-10-14 14:39:39,728 - sentence_transformers.SentenceTransformer - INFO - Use pytorch device_name: cpu
2025-10-14 14:39:39,728 - sentence_transformers.SentenceTransformer - INFO - Load pretrained SentenceTransformer: all-MiniLM-L6-v2
2025-10-14 14:39:43,499 - HackBountyAgent.Matcher - INFO - SBERT model loaded successfully.
2025-10-14 14:39:43,499 - HackBountyAgent.Calendar - WARNING - No valid token found. Starting OAuth flow.
2025-10-14 14:39:43,499 - HackBountyAgent.Calendar - ERROR - FATAL: 'credentials.json' not found. Cannot authenticate Google Calendar.
2025-10-14 14:39:43,499 - HackBountyAgent - ERROR - Agent terminated: Google Calendar service failed to initialize (check 'credentials.json').
2025-10-14 14:43:10,869 - HackBountyAgent - INFO - Configuration loaded successfully.
2025-10-14 14:43:15,770 - HackBountyAgent - INFO - Initializing HackBounty AI Agent...
2025-10-14 14:43:15,770 - HackBountyAgent.Matcher - INFO - Loading SBERT model: all-MiniLM-L6-v2...
2025-10-14 14:43:15,770 - sentence_transformers.SentenceTransformer - INFO - Use pytorch device_name: cpu
2025-10-14 14:43:15,770 - sentence_transformers.SentenceTransformer - INFO - Load pretrained SentenceTransformer: all-MiniLM-L6-v2
2025-10-14 14:43:20,001 - HackBountyAgent.Matcher - INFO - SBERT model loaded successfully.
2025-10-14 14:43:20,001 - HackBountyAgent.Calendar - WARNING - No valid token found. Starting OAuth flow.
2025-10-14 14:43:20,007 - HackBountyAgent.Calendar - ERROR - FATAL: 'credentials.json' not found. Cannot authenticate Google Calendar.
2025-10-14 14:43:20,007 - HackBountyAgent - ERROR - Agent terminated: Google Calendar service failed to initialize (check 'credentials.json').
2025-10-14 14:44:31,376 - HackBountyAgent - INFO - Configuration loaded successfully.
2025-10-14 14:44:36,470 - HackBountyAgent - INFO - Initializing HackBounty AI Agent...
2025-10-14 14:44:36,470 - HackBountyAgent.Matcher - INFO - Loading SBERT model: all-MiniLM-L6-v2...
2025-10-14 14:44:36,470 - sentence_transformers.SentenceTransformer - INFO - Use pytorch device_name: cpu
2025-10-14 14:44:36,470 - sentence_transformers.SentenceTransformer - INFO - Load pretrained SentenceTransformer: all-MiniLM-L6-v2
2025-10-14 14:44:39,835 - HackBountyAgent.Matcher - INFO - SBERT model loaded successfully.
2025-10-14 14:44:39,835 - HackBountyAgent.Calendar - WARNING - No valid token found. Starting OAuth flow.
